# JRE version: Java(TM) SE Runtime Environment (8.0_191-b12) (build 1.8.0_191-b12)
# Java VM: Java HotSpot(TM) 64-Bit Server VM (25.191-b12 mixed mode windows-amd64 compressed oops)
Heap:
 PSYoungGen      total 326656K, used 15614K [0x00000000d5d00000, 0x00000000eb200000, 0x0000000100000000)
  eden space 309248K, 5% used [0x00000000d5d00000,0x00000000d6c3fa60,0x00000000e8b00000)
  from space 17408K, 0% used [0x00000000e9000000,0x00000000e9000000,0x00000000ea100000)
  to   space 12288K, 0% used [0x00000000ea600000,0x00000000ea600000,0x00000000eb200000)
 ParOldGen       total 100352K, used 20034K [0x0000000081600000, 0x0000000087800000, 0x00000000d5d00000)
  object space 100352K, 19% used [0x0000000081600000,0x0000000082990bf8,0x0000000087800000)
 Metaspace       used 57042K, capacity 60004K, committed 60376K, reserved 1101824K
  class space    used 7839K, capacity 8338K, committed 8448K, reserved 1048576K
GC Heap History (10 events):
Event: 8.274 GC heap before
{Heap before GC invocations=10 (full 1):
 PSYoungGen      total 238592K, used 54053K [0x00000000d5d00000, 0x00000000e5580000, 0x0000000100000000)
  eden space 228352K, 19% used [0x00000000d5d00000,0x00000000d87ca1e0,0x00000000e3c00000)
  from space 10240K, 99% used [0x00000000e4b80000,0x00000000e557f598,0x00000000e5580000)
  to   space 11776K, 0% used [0x00000000e3e80000,0x00000000e3e80000,0x00000000e4a00000)
 ParOldGen       total 49152K, used 5692K [0x0000000081600000, 0x0000000084600000, 0x00000000d5d00000)
  object space 49152K, 11% used [0x0000000081600000,0x0000000081b8f000,0x0000000084600000)
 Metaspace       used 33536K, capacity 35286K, committed 35416K, reserved 1079296K
  class space    used 4359K, capacity 4689K, committed 4736K, reserved 1048576K
Event: 8.292 GC heap after
Heap after GC invocations=10 (full 1):
 PSYoungGen      total 242688K, used 8306K [0x00000000d5d00000, 0x00000000eb200000, 0x0000000100000000)
  eden space 230912K, 0% used [0x00000000d5d00000,0x00000000d5d00000,0x00000000e3e80000)
  from space 11776K, 70% used [0x00000000e3e80000,0x00000000e469c9b0,0x00000000e4a00000)
  to   space 12288K, 0% used [0x00000000ea600000,0x00000000ea600000,0x00000000eb200000)
 ParOldGen       total 49152K, used 5700K [0x0000000081600000, 0x0000000084600000, 0x00000000d5d00000)
  object space 49152K, 11% used [0x0000000081600000,0x0000000081b91000,0x0000000084600000)
 Metaspace       used 33536K, capacity 35286K, committed 35416K, reserved 1079296K
  class space    used 4359K, capacity 4689K, committed 4736K, reserved 1048576K
}
Event: 8.292 GC heap before
{Heap before GC invocations=11 (full 2):
 PSYoungGen      total 242688K, used 8306K [0x00000000d5d00000, 0x00000000eb200000, 0x0000000100000000)
  eden space 230912K, 0% used [0x00000000d5d00000,0x00000000d5d00000,0x00000000e3e80000)
  from space 11776K, 70% used [0x00000000e3e80000,0x00000000e469c9b0,0x00000000e4a00000)
  to   space 12288K, 0% used [0x00000000ea600000,0x00000000ea600000,0x00000000eb200000)
 ParOldGen       total 49152K, used 5700K [0x0000000081600000, 0x0000000084600000, 0x00000000d5d00000)
  object space 49152K, 11% used [0x0000000081600000,0x0000000081b91000,0x0000000084600000)
 Metaspace       used 33536K, capacity 35286K, committed 35416K, reserved 1079296K
  class space    used 4359K, capacity 4689K, committed 4736K, reserved 1048576K
Event: 8.448 GC heap after
Heap after GC invocations=11 (full 2):
 PSYoungGen      total 242688K, used 0K [0x00000000d5d00000, 0x00000000eb200000, 0x0000000100000000)
  eden space 230912K, 0% used [0x00000000d5d00000,0x00000000d5d00000,0x00000000e3e80000)
  from space 11776K, 0% used [0x00000000e3e80000,0x00000000e3e80000,0x00000000e4a00000)
  to   space 12288K, 0% used [0x00000000ea600000,0x00000000ea600000,0x00000000eb200000)
 ParOldGen       total 71680K, used 12291K [0x0000000081600000, 0x0000000085c00000, 0x00000000d5d00000)
  object space 71680K, 17% used [0x0000000081600000,0x0000000082200d10,0x0000000085c00000)
 Metaspace       used 33536K, capacity 35286K, committed 35416K, reserved 1079296K
  class space    used 4359K, capacity 4689K, committed 4736K, reserved 1048576K
}
Event: 14.002 GC heap before
{Heap before GC invocations=12 (full 2):
 PSYoungGen      total 242688K, used 230912K [0x00000000d5d00000, 0x00000000eb200000, 0x0000000100000000)
  eden space 230912K, 100% used [0x00000000d5d00000,0x00000000e3e80000,0x00000000e3e80000)
  from space 11776K, 0% used [0x00000000e3e80000,0x00000000e3e80000,0x00000000e4a00000)
  to   space 12288K, 0% used [0x00000000ea600000,0x00000000ea600000,0x00000000eb200000)
 ParOldGen       total 71680K, used 12291K [0x0000000081600000, 0x0000000085c00000, 0x00000000d5d00000)
  object space 71680K, 17% used [0x0000000081600000,0x0000000082200d10,0x0000000085c00000)
 Metaspace       used 53156K, capacity 56010K, committed 56280K, reserved 1097728K
  class space    used 7348K, capacity 7823K, committed 7936K, reserved 1048576K
Event: 14.058 GC heap after
Heap after GC invocations=12 (full 2):
 PSYoungGen      total 321536K, used 12286K [0x00000000d5d00000, 0x00000000eb200000, 0x0000000100000000)
  eden space 309248K, 0% used [0x00000000d5d00000,0x00000000d5d00000,0x00000000e8b00000)
  from space 12288K, 99% used [0x00000000ea600000,0x00000000eb1ff890,0x00000000eb200000)
  to   space 17408K, 0% used [0x00000000e9000000,0x00000000e9000000,0x00000000ea100000)
 ParOldGen       total 71680K, used 22447K [0x0000000081600000, 0x0000000085c00000, 0x00000000d5d00000)
  object space 71680K, 31% used [0x0000000081600000,0x0000000082bebeb8,0x0000000085c00000)
 Metaspace       used 53156K, capacity 56010K, committed 56280K, reserved 1097728K
  class space    used 7348K, capacity 7823K, committed 7936K, reserved 1048576K
}
Event: 48.585 GC heap before
{Heap before GC invocations=13 (full 2):
 PSYoungGen      total 321536K, used 50601K [0x00000000d5d00000, 0x00000000eb200000, 0x0000000100000000)
  eden space 309248K, 12% used [0x00000000d5d00000,0x00000000d826ae68,0x00000000e8b00000)
  from space 12288K, 99% used [0x00000000ea600000,0x00000000eb1ff890,0x00000000eb200000)
  to   space 17408K, 0% used [0x00000000e9000000,0x00000000e9000000,0x00000000ea100000)
 ParOldGen       total 71680K, used 22447K [0x0000000081600000, 0x0000000085c00000, 0x00000000d5d00000)
  object space 71680K, 31% used [0x0000000081600000,0x0000000082bebeb8,0x0000000085c00000)
 Metaspace       used 56061K, capacity 58950K, committed 59028K, reserved 1099776K
  class space    used 7689K, capacity 8165K, committed 8192K, reserved 1048576K
Event: 48.624 GC heap after
Heap after GC invocations=13 (full 2):
 PSYoungGen      total 326656K, used 3169K [0x00000000d5d00000, 0x00000000eb200000, 0x0000000100000000)
  eden space 309248K, 0% used [0x00000000d5d00000,0x00000000d5d00000,0x00000000e8b00000)
  from space 17408K, 18% used [0x00000000e9000000,0x00000000e9318548,0x00000000ea100000)
  to   space 12288K, 0% used [0x00000000ea600000,0x00000000ea600000,0x00000000eb200000)
 ParOldGen       total 71680K, used 29941K [0x0000000081600000, 0x0000000085c00000, 0x00000000d5d00000)
  object space 71680K, 41% used [0x0000000081600000,0x000000008333d520,0x0000000085c00000)
 Metaspace       used 56061K, capacity 58950K, committed 59028K, reserved 1099776K
  class space    used 7689K, capacity 8165K, committed 8192K, reserved 1048576K
}
Event: 48.624 GC heap before
{Heap before GC invocations=14 (full 3):
 PSYoungGen      total 326656K, used 3169K [0x00000000d5d00000, 0x00000000eb200000, 0x0000000100000000)
  eden space 309248K, 0% used [0x00000000d5d00000,0x00000000d5d00000,0x00000000e8b00000)
  from space 17408K, 18% used [0x00000000e9000000,0x00000000e9318548,0x00000000ea100000)
  to   space 12288K, 0% used [0x00000000ea600000,0x00000000ea600000,0x00000000eb200000)
 ParOldGen       total 71680K, used 29941K [0x0000000081600000, 0x0000000085c00000, 0x00000000d5d00000)
  object space 71680K, 41% used [0x0000000081600000,0x000000008333d520,0x0000000085c00000)
 Metaspace       used 56061K, capacity 58950K, committed 59028K, reserved 1099776K
  class space    used 7689K, capacity 8165K, committed 8192K, reserved 1048576K
Event: 49.118 GC heap after
Heap after GC invocations=14 (full 3):
 PSYoungGen      total 326656K, used 0K [0x00000000d5d00000, 0x00000000eb200000, 0x0000000100000000)
  eden space 309248K, 0% used [0x00000000d5d00000,0x00000000d5d00000,0x00000000e8b00000)
  from space 17408K, 0% used [0x00000000e9000000,0x00000000e9000000,0x00000000ea100000)
  to   space 12288K, 0% used [0x00000000ea600000,0x00000000ea600000,0x00000000eb200000)
 ParOldGen       total 100352K, used 20034K [0x0000000081600000, 0x0000000087800000, 0x00000000d5d00000)
  object space 100352K, 19% used [0x0000000081600000,0x0000000082990bf8,0x0000000087800000)
 Metaspace       used 56061K, capacity 58950K, committed 59028K, reserved 1099776K
  class space    used 7689K, capacity 8165K, committed 8192K, reserved 1048576K
}

