# JRE version: Java(TM) SE Runtime Environment (8.0_191-b12) (build 1.8.0_191-b12)
# Java VM: Java HotSpot(TM) 64-Bit Server VM (25.191-b12 mixed mode windows-amd64 compressed oops)
Heap:
 PSYoungGen      total 71680K, used 10502K [0x00000000d5d00000, 0x00000000de600000, 0x0000000100000000)
  eden space 66560K, 8% used [0x00000000d5d00000,0x00000000d626f1c0,0x00000000d9e00000)
  from space 5120K, 96% used [0x00000000d9e00000,0x00000000da2d2850,0x00000000da300000)
  to   space 9216K, 0% used [0x00000000ddd00000,0x00000000ddd00000,0x00000000de600000)
 ParOldGen       total 46592K, used 5062K [0x0000000081600000, 0x0000000084380000, 0x00000000d5d00000)
  object space 46592K, 10% used [0x0000000081600000,0x0000000081af18c8,0x0000000084380000)
 Metaspace       used 23604K, capacity 24464K, committed 24576K, reserved 1071104K
  class space    used 3018K, capacity 3227K, committed 3328K, reserved 1048576K
GC Heap History (10 events):
Event: 2.993 GC heap before
{Heap before GC invocations=4 (full 0):
 PSYoungGen      total 38400K, used 38332K [0x00000000d5d00000, 0x00000000da800000, 0x0000000100000000)
  eden space 33280K, 100% used [0x00000000d5d00000,0x00000000d7d80000,0x00000000d7d80000)
  from space 5120K, 98% used [0x00000000d7d80000,0x00000000d826f350,0x00000000d8280000)
  to   space 5120K, 0% used [0x00000000da300000,0x00000000da300000,0x00000000da800000)
 ParOldGen       total 87552K, used 24K [0x0000000081600000, 0x0000000086b80000, 0x00000000d5d00000)
  object space 87552K, 0% used [0x0000000081600000,0x0000000081606000,0x0000000086b80000)
 Metaspace       used 13923K, capacity 14468K, committed 14592K, reserved 1062912K
  class space    used 1787K, capacity 1935K, committed 2048K, reserved 1048576K
Event: 3.005 GC heap after
Heap after GC invocations=4 (full 0):
 PSYoungGen      total 71680K, used 5024K [0x00000000d5d00000, 0x00000000da800000, 0x0000000100000000)
  eden space 66560K, 0% used [0x00000000d5d00000,0x00000000d5d00000,0x00000000d9e00000)
  from space 5120K, 98% used [0x00000000da300000,0x00000000da7e8228,0x00000000da800000)
  to   space 5120K, 0% used [0x00000000d9e00000,0x00000000d9e00000,0x00000000da300000)
 ParOldGen       total 87552K, used 32K [0x0000000081600000, 0x0000000086b80000, 0x00000000d5d00000)
  object space 87552K, 0% used [0x0000000081600000,0x0000000081608000,0x0000000086b80000)
 Metaspace       used 13923K, capacity 14468K, committed 14592K, reserved 1062912K
  class space    used 1787K, capacity 1935K, committed 2048K, reserved 1048576K
}
Event: 4.351 GC heap before
{Heap before GC invocations=5 (full 0):
 PSYoungGen      total 71680K, used 71584K [0x00000000d5d00000, 0x00000000da800000, 0x0000000100000000)
  eden space 66560K, 100% used [0x00000000d5d00000,0x00000000d9e00000,0x00000000d9e00000)
  from space 5120K, 98% used [0x00000000da300000,0x00000000da7e8228,0x00000000da800000)
  to   space 5120K, 0% used [0x00000000d9e00000,0x00000000d9e00000,0x00000000da300000)
 ParOldGen       total 87552K, used 32K [0x0000000081600000, 0x0000000086b80000, 0x00000000d5d00000)
  object space 87552K, 0% used [0x0000000081600000,0x0000000081608000,0x0000000086b80000)
 Metaspace       used 20385K, capacity 21080K, committed 21248K, reserved 1067008K
  class space    used 2594K, capacity 2753K, committed 2816K, reserved 1048576K
Event: 4.422 GC heap after
Heap after GC invocations=5 (full 0):
 PSYoungGen      total 71680K, used 5109K [0x00000000d5d00000, 0x00000000da800000, 0x0000000100000000)
  eden space 66560K, 0% used [0x00000000d5d00000,0x00000000d5d00000,0x00000000d9e00000)
  from space 5120K, 99% used [0x00000000d9e00000,0x00000000da2fd578,0x00000000da300000)
  to   space 5120K, 0% used [0x00000000da300000,0x00000000da300000,0x00000000da800000)
 ParOldGen       total 87552K, used 5268K [0x0000000081600000, 0x0000000086b80000, 0x00000000d5d00000)
  object space 87552K, 6% used [0x0000000081600000,0x0000000081b25328,0x0000000086b80000)
 Metaspace       used 20385K, capacity 21080K, committed 21248K, reserved 1067008K
  class space    used 2594K, capacity 2753K, committed 2816K, reserved 1048576K
}
Event: 4.461 GC heap before
{Heap before GC invocations=6 (full 0):
 PSYoungGen      total 71680K, used 43375K [0x00000000d5d00000, 0x00000000da800000, 0x0000000100000000)
  eden space 66560K, 57% used [0x00000000d5d00000,0x00000000d825e8d8,0x00000000d9e00000)
  from space 5120K, 99% used [0x00000000d9e00000,0x00000000da2fd578,0x00000000da300000)
  to   space 5120K, 0% used [0x00000000da300000,0x00000000da300000,0x00000000da800000)
 ParOldGen       total 87552K, used 5268K [0x0000000081600000, 0x0000000086b80000, 0x00000000d5d00000)
  object space 87552K, 6% used [0x0000000081600000,0x0000000081b25328,0x0000000086b80000)
 Metaspace       used 20511K, capacity 21176K, committed 21248K, reserved 1067008K
  class space    used 2613K, capacity 2785K, committed 2816K, reserved 1048576K
Event: 4.475 GC heap after
Heap after GC invocations=6 (full 0):
 PSYoungGen      total 71680K, used 5114K [0x00000000d5d00000, 0x00000000da800000, 0x0000000100000000)
  eden space 66560K, 0% used [0x00000000d5d00000,0x00000000d5d00000,0x00000000d9e00000)
  from space 5120K, 99% used [0x00000000da300000,0x00000000da7fe8c0,0x00000000da800000)
  to   space 5120K, 0% used [0x00000000d9e00000,0x00000000d9e00000,0x00000000da300000)
 ParOldGen       total 87552K, used 5276K [0x0000000081600000, 0x0000000086b80000, 0x00000000d5d00000)
  object space 87552K, 6% used [0x0000000081600000,0x0000000081b27328,0x0000000086b80000)
 Metaspace       used 20511K, capacity 21176K, committed 21248K, reserved 1067008K
  class space    used 2613K, capacity 2785K, committed 2816K, reserved 1048576K
}
Event: 4.475 GC heap before
{Heap before GC invocations=7 (full 1):
 PSYoungGen      total 71680K, used 5114K [0x00000000d5d00000, 0x00000000da800000, 0x0000000100000000)
  eden space 66560K, 0% used [0x00000000d5d00000,0x00000000d5d00000,0x00000000d9e00000)
  from space 5120K, 99% used [0x00000000da300000,0x00000000da7fe8c0,0x00000000da800000)
  to   space 5120K, 0% used [0x00000000d9e00000,0x00000000d9e00000,0x00000000da300000)
 ParOldGen       total 87552K, used 5276K [0x0000000081600000, 0x0000000086b80000, 0x00000000d5d00000)
  object space 87552K, 6% used [0x0000000081600000,0x0000000081b27328,0x0000000086b80000)
 Metaspace       used 20511K, capacity 21176K, committed 21248K, reserved 1067008K
  class space    used 2613K, capacity 2785K, committed 2816K, reserved 1048576K
Event: 4.546 GC heap after
Heap after GC invocations=7 (full 1):
 PSYoungGen      total 71680K, used 0K [0x00000000d5d00000, 0x00000000da800000, 0x0000000100000000)
  eden space 66560K, 0% used [0x00000000d5d00000,0x00000000d5d00000,0x00000000d9e00000)
  from space 5120K, 0% used [0x00000000da300000,0x00000000da300000,0x00000000da800000)
  to   space 5120K, 0% used [0x00000000d9e00000,0x00000000d9e00000,0x00000000da300000)
 ParOldGen       total 46592K, used 5054K [0x0000000081600000, 0x0000000084380000, 0x00000000d5d00000)
  object space 46592K, 10% used [0x0000000081600000,0x0000000081aef8c8,0x0000000084380000)
 Metaspace       used 20511K, capacity 21176K, committed 21248K, reserved 1067008K
  class space    used 2613K, capacity 2785K, committed 2816K, reserved 1048576K
}
Event: 6.190 GC heap before
{Heap before GC invocations=8 (full 1):
 PSYoungGen      total 71680K, used 66560K [0x00000000d5d00000, 0x00000000da800000, 0x0000000100000000)
  eden space 66560K, 100% used [0x00000000d5d00000,0x00000000d9e00000,0x00000000d9e00000)
  from space 5120K, 0% used [0x00000000da300000,0x00000000da300000,0x00000000da800000)
  to   space 5120K, 0% used [0x00000000d9e00000,0x00000000d9e00000,0x00000000da300000)
 ParOldGen       total 46592K, used 5054K [0x0000000081600000, 0x0000000084380000, 0x00000000d5d00000)
  object space 46592K, 10% used [0x0000000081600000,0x0000000081aef8c8,0x0000000084380000)
 Metaspace       used 23234K, capacity 24160K, committed 24192K, reserved 1071104K
  class space    used 2972K, capacity 3193K, committed 3200K, reserved 1048576K
Event: 6.196 GC heap after
Heap after GC invocations=8 (full 1):
 PSYoungGen      total 71680K, used 4938K [0x00000000d5d00000, 0x00000000de600000, 0x0000000100000000)
  eden space 66560K, 0% used [0x00000000d5d00000,0x00000000d5d00000,0x00000000d9e00000)
  from space 5120K, 96% used [0x00000000d9e00000,0x00000000da2d2850,0x00000000da300000)
  to   space 9216K, 0% used [0x00000000ddd00000,0x00000000ddd00000,0x00000000de600000)
 ParOldGen       total 46592K, used 5062K [0x0000000081600000, 0x0000000084380000, 0x00000000d5d00000)
  object space 46592K, 10% used [0x0000000081600000,0x0000000081af18c8,0x0000000084380000)
 Metaspace       used 23234K, capacity 24160K, committed 24192K, reserved 1071104K
  class space    used 2972K, capacity 3193K, committed 3200K, reserved 1048576K
}

